<?xml version="1.0" encoding="UTF-8"?>
<testng-results ignored="0" total="1" passed="1" failed="0" skipped="0">
  <reporter-output>
  </reporter-output>
  <suite started-at="2023-04-15T02:19:39 GST" name="Default suite" finished-at="2023-04-15T02:20:16 GST" duration-ms="37813">
    <groups>
    </groups>
    <test started-at="2023-04-15T02:19:39 GST" name="Default test" finished-at="2023-04-15T02:20:16 GST" duration-ms="37813">
      <class name="myTestcases">
        <test-method is-config="true" signature="myBeforeTest()[pri:0, instance:myTestcases@6e20b53a]" started-at="2023-04-15T02:19:39 GST" name="myBeforeTest" finished-at="2023-04-15T02:19:39 GST" duration-ms="19" status="PASS">
          <reporter-output>
          </reporter-output>
        </test-method> <!-- myBeforeTest -->
        <test-method signature="openThwBrowser()[pri:0, instance:myTestcases@6e20b53a]" started-at="2023-04-15T02:19:39 GST" name="openThwBrowser" finished-at="2023-04-15T02:20:16 GST" duration-ms="37738" status="PASS">
          <reporter-output>
          </reporter-output>
        </test-method> <!-- openThwBrowser -->
        <test-method is-config="true" signature="AftermyTest()[pri:0, instance:myTestcases@6e20b53a]" started-at="2023-04-15T02:20:16 GST" name="AftermyTest" finished-at="2023-04-15T02:20:16 GST" duration-ms="1" status="PASS">
          <reporter-output>
          </reporter-output>
        </test-method> <!-- AftermyTest -->
      </class> <!-- myTestcases -->
    </test> <!-- Default test -->
  </suite> <!-- Default suite -->
</testng-results>
